2026/06/03 02:38:53 engine.go:57: Engine Start start
2026/06/03 02:38:53 engine.go:29: Engine Run start
2026/06/03 02:38:53 engine.go:123: Engine NewGame start
2026/06/03 02:38:53 engine.go:143: Engine NewGame end
2026/06/03 02:39:10 engine.go:226: Engine GameOver start
2026/06/03 02:39:10 view.go:271: View ShowGameOverAnimation start
2026/06/03 02:39:10 view.go:275: View ShowGameOverAnimation case 0
2026/06/03 02:39:11 view.go:338: View ShowGameOverAnimation end
2026/06/03 02:39:11 engine.go:245: Engine GameOver end
2026/06/03 02:39:12 engine.go:123: Engine NewGame start
2026/06/03 02:39:12 engine.go:143: Engine NewGame end
2026/06/03 02:42:22 engine.go:226: Engine GameOver start
2026/06/03 02:42:22 view.go:271: View ShowGameOverAnimation start
2026/06/03 02:42:22 view.go:275: View ShowGameOverAnimation case 0
2026/06/03 02:42:23 view.go:338: View ShowGameOverAnimation end
2026/06/03 02:42:23 engine.go:245: Engine GameOver end
2026/06/03 02:42:26 engine.go:123: Engine NewGame start
2026/06/03 02:42:26 engine.go:143: Engine NewGame end
2026/06/03 02:44:45 engine.go:226: Engine GameOver start
2026/06/03 02:44:45 view.go:271: View ShowGameOverAnimation start
2026/06/03 02:44:45 view.go:291: View ShowGameOverAnimation case 2
2026/06/03 02:44:46 view.go:338: View ShowGameOverAnimation end
2026/06/03 02:44:46 engine.go:245: Engine GameOver end
2026/06/03 02:44:48 engine.go:123: Engine NewGame start
2026/06/03 02:44:48 engine.go:143: Engine NewGame end
2026/06/03 02:49:30 engine.go:226: Engine GameOver start
2026/06/03 02:49:30 view.go:271: View ShowGameOverAnimation start
2026/06/03 02:49:30 view.go:283: View ShowGameOverAnimation case 1
2026/06/03 02:49:31 view.go:338: View ShowGameOverAnimation end
2026/06/03 02:49:31 engine.go:245: Engine GameOver end
2026/06/03 02:49:39 engine.go:123: Engine NewGame start
2026/06/03 02:49:39 engine.go:143: Engine NewGame end
2026/06/03 02:49:46 engine.go:86: Engine Start end
2026/06/03 02:49:46 engine.go:52: Engine Run end
2026/06/03 02:49:46 view.go:31: View Stop start
2026/06/03 02:49:46 view.go:35: View Stop end
2026/06/03 02:49:47 engine.go:57: Engine Start start
2026/06/03 02:49:47 engine.go:29: Engine Run start
2026/06/03 02:49:47 engine.go:123: Engine NewGame start
2026/06/03 02:49:47 engine.go:143: Engine NewGame end
2026/06/03 02:49:53 engine.go:52: Engine Run end
2026/06/03 02:49:53 engine.go:86: Engine Start end
2026/06/03 02:49:53 view.go:31: View Stop start
2026/06/03 02:49:53 view.go:35: View Stop end
2026/06/03 02:49:54 engine.go:57: Engine Start start
2026/06/03 02:49:54 engine.go:29: Engine Run start
2026/06/03 02:49:54 engine.go:123: Engine NewGame start
2026/06/03 02:49:54 engine.go:143: Engine NewGame end
2026/06/03 02:55:55 engine.go:86: Engine Start end
2026/06/03 02:55:55 view.go:31: View Stop start
2026/06/03 02:55:55 engine.go:52: Engine Run end
2026/06/03 02:55:55 view.go:35: View Stop end
2026/06/03 02:55:56 engine.go:57: Engine Start start
2026/06/03 02:55:56 engine.go:29: Engine Run start
2026/06/03 02:55:56 engine.go:123: Engine NewGame start
2026/06/03 02:55:56 engine.go:143: Engine NewGame end
2026/06/03 02:58:05 engine.go:86: Engine Start end
2026/06/03 02:58:05 view.go:31: View Stop start
2026/06/03 02:58:05 engine.go:52: Engine Run end
2026/06/03 02:58:05 view.go:35: View Stop end
2026/06/03 02:58:06 engine.go:57: Engine Start start
2026/06/03 02:58:06 engine.go:29: Engine Run start
2026/06/03 02:58:06 engine.go:123: Engine NewGame start
2026/06/03 02:58:06 engine.go:143: Engine NewGame end
2026/06/03 03:02:37 engine.go:86: Engine Start end
2026/06/03 03:02:37 view.go:31: View Stop start
2026/06/03 03:02:37 engine.go:52: Engine Run end
2026/06/03 03:02:37 view.go:35: View Stop end
2026/06/03 03:02:38 engine.go:57: Engine Start start
2026/06/03 03:02:38 engine.go:29: Engine Run start
2026/06/03 03:02:38 engine.go:123: Engine NewGame start
2026/06/03 03:02:38 engine.go:143: Engine NewGame end
2026/06/03 03:03:38 engine.go:226: Engine GameOver start
2026/06/03 03:03:38 view.go:271: View ShowGameOverAnimation start
2026/06/03 03:03:38 view.go:283: View ShowGameOverAnimation case 1
2026/06/03 03:03:40 view.go:338: View ShowGameOverAnimation end
2026/06/03 03:03:40 engine.go:245: Engine GameOver end
